<?xml version="1.0" encoding="utf-8"?><testsuites name="pytest tests"><testsuite name="pytest" errors="0" failures="0" skipped="0" tests="9" time="2.136" timestamp="2026-06-07T11:42:24.201960+00:00" hostname="agent-env-0dee9503-6e79-4ed5-b420-9785bccbdb1d"><testcase classname="backend.tests.test_admin_override.TestAdminCancelOverride" name="test_admin_can_cancel_user_booking" time="0.729" /><testcase classname="backend.tests.test_admin_override.TestAdminCancelOverride" name="test_user_cannot_cancel_others_booking" time="0.177" /><testcase classname="backend.tests.test_admin_override.TestAdminEditOverride" name="test_admin_can_edit_user_booking_to_far_future" time="0.275" /><testcase classname="backend.tests.test_admin_override.TestAdminEditOverride" name="test_admin_edit_skips_consecutive_day_check" time="0.133" /><testcase classname="backend.tests.test_admin_override.TestAdminEditOverride" name="test_admin_edit_still_enforces_peak_30min" time="0.149" /><testcase classname="backend.tests.test_admin_override.TestAdminEditOverride" name="test_user_cannot_edit_others_booking" time="0.123" /><testcase classname="backend.tests.test_admin_override.TestManageBookings" name="test_admin_can_list_all" time="0.173" /><testcase classname="backend.tests.test_admin_override.TestManageBookings" name="test_manage_bookings_date_filter" time="0.124" /><testcase classname="backend.tests.test_admin_override.TestManageBookings" name="test_regular_user_cannot_access_manage" time="0.114" /></testsuite></testsuites>