<?xml version="1.0" encoding="utf-8"?><testsuites name="pytest tests"><testsuite name="pytest" errors="0" failures="0" skipped="0" tests="13" time="10.038" timestamp="2026-06-07T11:12:30.306207+00:00" hostname="agent-env-0dee9503-6e79-4ed5-b420-9785bccbdb1d"><testcase classname="backend.tests.test_booking_features.TestFeature1DateRange" name="test_book_today_succeeds" time="1.245" /><testcase classname="backend.tests.test_booking_features.TestFeature1DateRange" name="test_book_tomorrow_succeeds" time="0.724" /><testcase classname="backend.tests.test_booking_features.TestFeature1DateRange" name="test_book_day_after_tomorrow_fails" time="0.149" /><testcase classname="backend.tests.test_booking_features.TestFeature2ConsecutiveDay" name="test_same_slot_two_days_fails" time="0.882" /><testcase classname="backend.tests.test_booking_features.TestFeature2ConsecutiveDay" name="test_different_slot_tomorrow_succeeds" time="1.430" /><testcase classname="backend.tests.test_booking_features.TestFeature3Edit" name="test_edit_time_succeeds" time="1.217" /><testcase classname="backend.tests.test_booking_features.TestFeature3Edit" name="test_edit_to_day_after_tomorrow_fails" time="0.970" /><testcase classname="backend.tests.test_booking_features.TestFeature3Edit" name="test_edit_to_peak_30min_fails" time="0.855" /><testcase classname="backend.tests.test_booking_features.TestFeature4PeakHours" name="test_30min_at_18_fails" time="0.117" /><testcase classname="backend.tests.test_booking_features.TestFeature4PeakHours" name="test_60min_at_18_succeeds" time="0.719" /><testcase classname="backend.tests.test_booking_features.TestFeature4PeakHours" name="test_30min_at_1930_fails" time="0.120" /><testcase classname="backend.tests.test_booking_features.TestFeature4PeakHours" name="test_30min_at_1730_succeeds_no_overlap" time="0.739" /><testcase classname="backend.tests.test_booking_features.TestFeature4PeakHours" name="test_30min_at_20_succeeds" time="0.730" /></testsuite></testsuites>