<?xml version="1.0" encoding="utf-8"?><testsuites name="pytest tests"><testsuite name="pytest" errors="0" failures="0" skipped="0" tests="17" time="35.695" timestamp="2026-06-07T10:16:22.401490+00:00" hostname="agent-env-0dee9503-6e79-4ed5-b420-9785bccbdb1d"><testcase classname="backend.tests.test_refactored_routes.TestHealth" name="test_api_health" time="26.461" /><testcase classname="backend.tests.test_refactored_routes.TestHealth" name="test_api_root" time="0.049" /><testcase classname="backend.tests.test_refactored_routes.TestPublicEndpoints" name="test_committee_get" time="0.051" /><testcase classname="backend.tests.test_refactored_routes.TestPublicEndpoints" name="test_amenities_get" time="0.055" /><testcase classname="backend.tests.test_refactored_routes.TestPublicEndpoints" name="test_gallery_get" time="0.050" /><testcase classname="backend.tests.test_refactored_routes.TestPublicEndpoints" name="test_events_get" time="0.053" /><testcase classname="backend.tests.test_refactored_routes.TestCacheHeaders" name="test_cacheable_committee" time="0.053" /><testcase classname="backend.tests.test_refactored_routes.TestCacheHeaders" name="test_no_cache_users" time="0.049" /><testcase classname="backend.tests.test_refactored_routes.TestAuthProtected" name="test_feedback_requires_auth" time="0.052" /><testcase classname="backend.tests.test_refactored_routes.TestAuthProtected" name="test_invoices_requires_auth" time="0.049" /><testcase classname="backend.tests.test_refactored_routes.TestAuthProtected" name="test_users_requires_auth" time="0.052" /><testcase classname="backend.tests.test_refactored_routes.TestAuthProtected" name="test_membership_get_requires_auth" time="0.048" /><testcase classname="backend.tests.test_refactored_routes.TestAuthProtected" name="test_invoice_pdf_requires_auth" time="0.052" /><testcase classname="backend.tests.test_refactored_routes.TestAuthProtected" name="test_pending_count_requires_auth" time="0.048" /><testcase classname="backend.tests.test_refactored_routes.TestMembership" name="test_membership_create" time="0.056" /><testcase classname="backend.tests.test_refactored_routes.TestWebSocket" name="test_chat_ws_endpoint_exists" time="8.398" /><testcase classname="backend.tests.test_refactored_routes.TestAuthRoutes" name="test_auth_me_unauth" time="0.052" /></testsuite></testsuites>